[debug] ----------------------------------------------------------------------
[debug] Command:      /usr/local/bin/node /usr/local/bin/firebase deploy
[debug] CLI Version:  3.0.8
[debug] Platform:     darwin
[debug] Node Version: v6.7.0
[debug] Time:         Thu Oct 27 2016 11:28:37 GMT-0600 (CST)
[debug] ----------------------------------------------------------------------
[debug] 
[debug] > command requires scopes: ["email","openid","https://www.googleapis.com/auth/cloudplatformprojects.readonly","https://www.googleapis.com/auth/firebase"]
[debug] > refreshing access token with scopes: ["email","https://www.googleapis.com/auth/cloudplatformprojects.readonly","https://www.googleapis.com/auth/firebase","openid"]
[debug] >>> HTTP REQUEST POST https://www.googleapis.com/oauth2/v3/token
[debug] <<< HTTP RESPONSE 200
[debug] >>> HTTP REQUEST GET https://admin.firebase.com/v1/projects/estebanpadilla-b3289 
[debug] <<< HTTP RESPONSE 200
[debug] >>> HTTP REQUEST GET https://admin.firebase.com/v1/database/estebanpadilla-b3289/tokens 
[debug] <<< HTTP RESPONSE 200
[info] 
[info] === Deploying to 'estebanpadilla-b3289'...
[info] 
[info] i  deploying database, hosting
[info] ✔  database: rules ready to deploy.
[info] i  hosting: preparing dist directory for upload...
[debug] >>> HTTP REQUEST PUT https://deploy.firebase.com/v1/hosting/estebanpadilla-b3289/uploads/-KV6AwFBcd0vhfdjpHJZ?fileCount=87&message= 
[debug] Error: connect ECONNREFUSED 23.251.151.130:443
    at Object.exports._errnoException (util.js:1036:11)
    at exports._exceptionWithHostPort (util.js:1059:20)
    at TCPConnectWrap.afterConnect [as oncomplete] (net.js:1080:14)
[error] 
[error] Error: Server Error. connect ECONNREFUSED 23.251.151.130:443
